<?xml version="1.0" encoding="UTF-8"?>
<!-- Generated by org.testng.reporters.JUnitReportReporter -->
<testsuite hostname="LAPTOP-I42TTBGV" failures="0" tests="1" name="TestNGPackage.GoogleVisit" time="13.181" errors="0" timestamp="2024-07-14T19:27:42 EDT" skipped="0">
  <testcase classname="TestNGPackage.GoogleVisit" name="Googlevisit" time="13.181"/>
  <system-out/>
</testsuite> <!-- TestNGPackage.GoogleVisit -->
