<?xml version="1.0" encoding="UTF-8"?>
<!-- Generated by org.testng.reporters.JUnitReportReporter -->
<testsuite hostname="LAPTOP-I42TTBGV" failures="0" tests="1" name="TestNG.GgoogleVisit" time="12.845" errors="0" timestamp="2024-07-14T20:05:58 EDT" skipped="0">
  <testcase classname="TestNG.GgoogleVisit" name="f" time="12.845"/>
  <system-out/>
</testsuite> <!-- TestNG.GgoogleVisit -->
